2026-04-25 06:44:33,055 - __main__ - INFO - 봇 초기화 완료. 수동 polling 시작
Traceback (most recent call last):
  File "/Users/kwaksmacmini/.hermes/hermes-agent/venv/lib/python3.11/site-packages/httpx/_transports/default.py", line 101, in map_httpcore_exceptions
    yield
  File "/Users/kwaksmacmini/.hermes/hermes-agent/venv/lib/python3.11/site-packages/httpx/_transports/default.py", line 394, in handle_async_request
    resp = await self._pool.handle_async_request(req)
           ^^^^^^^^^^^^^^^^^^^^^^^^^^^^^^^^^^^^^^^^^^
  File "/Users/kwaksmacmini/.hermes/hermes-agent/venv/lib/python3.11/site-packages/httpcore/_async/connection_pool.py", line 256, in handle_async_request
    raise exc from None
  File "/Users/kwaksmacmini/.hermes/hermes-agent/venv/lib/python3.11/site-packages/httpcore/_async/connection_pool.py", line 236, in handle_async_request
    response = await connection.handle_async_request(
               ^^^^^^^^^^^^^^^^^^^^^^^^^^^^^^^^^^^^^^
  File "/Users/kwaksmacmini/.hermes/hermes-agent/venv/lib/python3.11/site-packages/httpcore/_async/connection.py", line 101, in handle_async_request
    raise exc
  File "/Users/kwaksmacmini/.hermes/hermes-agent/venv/lib/python3.11/site-packages/httpcore/_async/connection.py", line 78, in handle_async_request
    stream = await self._connect(request)
             ^^^^^^^^^^^^^^^^^^^^^^^^^^^^
  File "/Users/kwaksmacmini/.hermes/hermes-agent/venv/lib/python3.11/site-packages/httpcore/_async/connection.py", line 124, in _connect
    stream = await self._network_backend.connect_tcp(**kwargs)
             ^^^^^^^^^^^^^^^^^^^^^^^^^^^^^^^^^^^^^^^^^^^^^^^^^
  File "/Users/kwaksmacmini/.hermes/hermes-agent/venv/lib/python3.11/site-packages/httpcore/_backends/auto.py", line 31, in connect_tcp
    return await self._backend.connect_tcp(
           ^^^^^^^^^^^^^^^^^^^^^^^^^^^^^^^^
  File "/Users/kwaksmacmini/.hermes/hermes-agent/venv/lib/python3.11/site-packages/httpcore/_backends/anyio.py", line 113, in connect_tcp
    with map_exceptions(exc_map):
  File "/Users/kwaksmacmini/.local/share/uv/python/cpython-3.11.15-macos-aarch64-none/lib/python3.11/contextlib.py", line 158, in __exit__
    self.gen.throw(typ, value, traceback)
  File "/Users/kwaksmacmini/.hermes/hermes-agent/venv/lib/python3.11/site-packages/httpcore/_exceptions.py", line 14, in map_exceptions
    raise to_exc(exc) from exc
httpcore.ConnectTimeout

The above exception was the direct cause of the following exception:

Traceback (most recent call last):
  File "/Users/kwaksmacmini/.hermes/hermes-agent/venv/lib/python3.11/site-packages/telegram/request/_httpxrequest.py", line 279, in do_request
    res = await self._client.request(
          ^^^^^^^^^^^^^^^^^^^^^^^^^^^
  File "/Users/kwaksmacmini/.hermes/hermes-agent/venv/lib/python3.11/site-packages/httpx/_client.py", line 1540, in request
    return await self.send(request, auth=auth, follow_redirects=follow_redirects)
           ^^^^^^^^^^^^^^^^^^^^^^^^^^^^^^^^^^^^^^^^^^^^^^^^^^^^^^^^^^^^^^^^^^^^^^
  File "/Users/kwaksmacmini/.hermes/hermes-agent/venv/lib/python3.11/site-packages/httpx/_client.py", line 1629, in send
    response = await self._send_handling_auth(
               ^^^^^^^^^^^^^^^^^^^^^^^^^^^^^^^
  File "/Users/kwaksmacmini/.hermes/hermes-agent/venv/lib/python3.11/site-packages/httpx/_client.py", line 1657, in _send_handling_auth
    response = await self._send_handling_redirects(
               ^^^^^^^^^^^^^^^^^^^^^^^^^^^^^^^^^^^^
  File "/Users/kwaksmacmini/.hermes/hermes-agent/venv/lib/python3.11/site-packages/httpx/_client.py", line 1694, in _send_handling_redirects
    response = await self._send_single_request(request)
               ^^^^^^^^^^^^^^^^^^^^^^^^^^^^^^^^^^^^^^^^
  File "/Users/kwaksmacmini/.hermes/hermes-agent/venv/lib/python3.11/site-packages/httpx/_client.py", line 1730, in _send_single_request
    response = await transport.handle_async_request(request)
               ^^^^^^^^^^^^^^^^^^^^^^^^^^^^^^^^^^^^^^^^^^^^^
  File "/Users/kwaksmacmini/.hermes/hermes-agent/venv/lib/python3.11/site-packages/httpx/_transports/default.py", line 393, in handle_async_request
    with map_httpcore_exceptions():
  File "/Users/kwaksmacmini/.local/share/uv/python/cpython-3.11.15-macos-aarch64-none/lib/python3.11/contextlib.py", line 158, in __exit__
    self.gen.throw(typ, value, traceback)
  File "/Users/kwaksmacmini/.hermes/hermes-agent/venv/lib/python3.11/site-packages/httpx/_transports/default.py", line 118, in map_httpcore_exceptions
    raise mapped_exc(message) from exc
httpx.ConnectTimeout

The above exception was the direct cause of the following exception:

Traceback (most recent call last):
  File "/Users/kwaksmacmini/jarvis-pipeline/bot.py", line 106, in <module>
    asyncio.run(main())
  File "/Users/kwaksmacmini/.hermes/hermes-agent/venv/lib/python3.11/site-packages/nest_asyncio.py", line 30, in run
    return loop.run_until_complete(task)
           ^^^^^^^^^^^^^^^^^^^^^^^^^^^^^
  File "/Users/kwaksmacmini/.hermes/hermes-agent/venv/lib/python3.11/site-packages/nest_asyncio.py", line 98, in run_until_complete
    return f.result()
           ^^^^^^^^^^
  File "/Users/kwaksmacmini/.local/share/uv/python/cpython-3.11.15-macos-aarch64-none/lib/python3.11/asyncio/futures.py", line 203, in result
    raise self._exception.with_traceback(self._exception_tb)
  File "/Users/kwaksmacmini/.local/share/uv/python/cpython-3.11.15-macos-aarch64-none/lib/python3.11/asyncio/tasks.py", line 277, in __step
    result = coro.send(None)
             ^^^^^^^^^^^^^^^
  File "/Users/kwaksmacmini/jarvis-pipeline/bot.py", line 67, in main
    await app.bot.delete_webhook(drop_pending_updates=True)
  File "/Users/kwaksmacmini/.hermes/hermes-agent/venv/lib/python3.11/site-packages/telegram/ext/_extbot.py", line 1490, in delete_webhook
    return await super().delete_webhook(
           ^^^^^^^^^^^^^^^^^^^^^^^^^^^^^
  File "/Users/kwaksmacmini/.hermes/hermes-agent/venv/lib/python3.11/site-packages/telegram/_bot.py", line 5037, in delete_webhook
    return await self._post(
           ^^^^^^^^^^^^^^^^^
  File "/Users/kwaksmacmini/.hermes/hermes-agent/venv/lib/python3.11/site-packages/telegram/_bot.py", line 704, in _post
    return await self._do_post(
           ^^^^^^^^^^^^^^^^^^^^
  File "/Users/kwaksmacmini/.hermes/hermes-agent/venv/lib/python3.11/site-packages/telegram/ext/_extbot.py", line 370, in _do_post
    return await super()._do_post(
           ^^^^^^^^^^^^^^^^^^^^^^^
  File "/Users/kwaksmacmini/.hermes/hermes-agent/venv/lib/python3.11/site-packages/telegram/_bot.py", line 733, in _do_post
    result = await request.post(
             ^^^^^^^^^^^^^^^^^^^
  File "/Users/kwaksmacmini/.hermes/hermes-agent/venv/lib/python3.11/site-packages/telegram/request/_baserequest.py", line 198, in post
    result = await self._request_wrapper(
             ^^^^^^^^^^^^^^^^^^^^^^^^^^^^
  File "/Users/kwaksmacmini/.hermes/hermes-agent/venv/lib/python3.11/site-packages/telegram/request/_baserequest.py", line 305, in _request_wrapper
    code, payload = await self.do_request(
                    ^^^^^^^^^^^^^^^^^^^^^^
  File "/Users/kwaksmacmini/.hermes/hermes-agent/venv/lib/python3.11/site-packages/telegram/request/_httpxrequest.py", line 296, in do_request
    raise TimedOut from err
telegram.error.TimedOut: Timed out
