Traceback (most recent call last):
  File "/Users/kwaksmacmini/jarvis-pipeline/bot.py", line 25, in <module>
    request = HTTPXRequest(
              ^^^^^^^^^^^^^
  File "/Users/kwaksmacmini/.hermes/hermes-agent/venv/lib/python3.11/site-packages/telegram/request/_httpxrequest.py", line 192, in __init__
    self._client = self._build_client()
                   ^^^^^^^^^^^^^^^^^^^^
  File "/Users/kwaksmacmini/.hermes/hermes-agent/venv/lib/python3.11/site-packages/telegram/request/_httpxrequest.py", line 227, in _build_client
    return httpx.AsyncClient(**self._client_kwargs)
           ^^^^^^^^^^^^^^^^^^^^^^^^^^^^^^^^^^^^^^^^
  File "/Users/kwaksmacmini/.hermes/hermes-agent/venv/lib/python3.11/site-packages/httpx/_client.py", line 1402, in __init__
    self._transport = self._init_transport(
                      ^^^^^^^^^^^^^^^^^^^^^
  File "/Users/kwaksmacmini/.hermes/hermes-agent/venv/lib/python3.11/site-packages/httpx/_client.py", line 1445, in _init_transport
    return AsyncHTTPTransport(
           ^^^^^^^^^^^^^^^^^^^
  File "/Users/kwaksmacmini/.hermes/hermes-agent/venv/lib/python3.11/site-packages/httpx/_transports/default.py", line 302, in __init__
    max_connections=limits.max_connections,
                    ^^^^^^^^^^^^^^^^^^^^^^
AttributeError: 'NoneType' object has no attribute 'max_connections'
