🚀 Jarvis AI 봇 가동 시작! 텔레그램에서 말을 걸어보세요.
2026-04-25 01:26:31,104 - apscheduler.scheduler - INFO - Scheduler started
2026-04-25 01:26:31,104 - telegram.ext.Application - INFO - Application started
2026-04-25 01:28:33,196 - telegram.ext.Application - ERROR - No error handlers are registered, logging exception.
Traceback (most recent call last):
  File "/Users/kwaksmacmini/.hermes/hermes-agent/venv/lib/python3.11/site-packages/telegram/ext/_utils/networkloop.py", line 161, in network_retry_loop
    await do_action()
  File "/Users/kwaksmacmini/.hermes/hermes-agent/venv/lib/python3.11/site-packages/telegram/ext/_utils/networkloop.py", line 154, in do_action
    action_cb_task.result()
  File "/Users/kwaksmacmini/.hermes/hermes-agent/venv/lib/python3.11/site-packages/telegram/ext/_updater.py", line 340, in polling_action_cb
    updates = await self.bot.get_updates(
              ^^^^^^^^^^^^^^^^^^^^^^^^^^^
  File "/Users/kwaksmacmini/.hermes/hermes-agent/venv/lib/python3.11/site-packages/telegram/ext/_extbot.py", line 672, in get_updates
    updates = await super().get_updates(
              ^^^^^^^^^^^^^^^^^^^^^^^^^^
  File "/Users/kwaksmacmini/.hermes/hermes-agent/venv/lib/python3.11/site-packages/telegram/_bot.py", line 4865, in get_updates
    await self._post(
  File "/Users/kwaksmacmini/.hermes/hermes-agent/venv/lib/python3.11/site-packages/telegram/_bot.py", line 704, in _post
    return await self._do_post(
           ^^^^^^^^^^^^^^^^^^^^
  File "/Users/kwaksmacmini/.hermes/hermes-agent/venv/lib/python3.11/site-packages/telegram/ext/_extbot.py", line 370, in _do_post
    return await super()._do_post(
           ^^^^^^^^^^^^^^^^^^^^^^^
  File "/Users/kwaksmacmini/.hermes/hermes-agent/venv/lib/python3.11/site-packages/telegram/_bot.py", line 733, in _do_post
    result = await request.post(
             ^^^^^^^^^^^^^^^^^^^
  File "/Users/kwaksmacmini/.hermes/hermes-agent/venv/lib/python3.11/site-packages/telegram/request/_baserequest.py", line 198, in post
    result = await self._request_wrapper(
             ^^^^^^^^^^^^^^^^^^^^^^^^^^^^
  File "/Users/kwaksmacmini/.hermes/hermes-agent/venv/lib/python3.11/site-packages/telegram/request/_baserequest.py", line 375, in _request_wrapper
    raise exception
telegram.error.Conflict: Conflict: terminated by other getUpdates request; make sure that only one bot instance is running
2026-04-25 01:28:38,000 - telegram.ext.Application - ERROR - No error handlers are registered, logging exception.
Traceback (most recent call last):
  File "/Users/kwaksmacmini/.hermes/hermes-agent/venv/lib/python3.11/site-packages/telegram/ext/_utils/networkloop.py", line 161, in network_retry_loop
    await do_action()
  File "/Users/kwaksmacmini/.hermes/hermes-agent/venv/lib/python3.11/site-packages/telegram/ext/_utils/networkloop.py", line 154, in do_action
    action_cb_task.result()
  File "/Users/kwaksmacmini/.hermes/hermes-agent/venv/lib/python3.11/site-packages/telegram/ext/_updater.py", line 340, in polling_action_cb
    updates = await self.bot.get_updates(
              ^^^^^^^^^^^^^^^^^^^^^^^^^^^
  File "/Users/kwaksmacmini/.hermes/hermes-agent/venv/lib/python3.11/site-packages/telegram/ext/_extbot.py", line 672, in get_updates
    updates = await super().get_updates(
              ^^^^^^^^^^^^^^^^^^^^^^^^^^
  File "/Users/kwaksmacmini/.hermes/hermes-agent/venv/lib/python3.11/site-packages/telegram/_bot.py", line 4865, in get_updates
    await self._post(
  File "/Users/kwaksmacmini/.hermes/hermes-agent/venv/lib/python3.11/site-packages/telegram/_bot.py", line 704, in _post
    return await self._do_post(
           ^^^^^^^^^^^^^^^^^^^^
  File "/Users/kwaksmacmini/.hermes/hermes-agent/venv/lib/python3.11/site-packages/telegram/ext/_extbot.py", line 370, in _do_post
    return await super()._do_post(
           ^^^^^^^^^^^^^^^^^^^^^^^
  File "/Users/kwaksmacmini/.hermes/hermes-agent/venv/lib/python3.11/site-packages/telegram/_bot.py", line 733, in _do_post
    result = await request.post(
             ^^^^^^^^^^^^^^^^^^^
  File "/Users/kwaksmacmini/.hermes/hermes-agent/venv/lib/python3.11/site-packages/telegram/request/_baserequest.py", line 198, in post
    result = await self._request_wrapper(
             ^^^^^^^^^^^^^^^^^^^^^^^^^^^^
  File "/Users/kwaksmacmini/.hermes/hermes-agent/venv/lib/python3.11/site-packages/telegram/request/_baserequest.py", line 375, in _request_wrapper
    raise exception
telegram.error.Conflict: Conflict: terminated by other getUpdates request; make sure that only one bot instance is running
