2026-04-25 06:57:21,934 - __main__ - INFO - === Hermes 봇 (Short Polling) 시작 ===
2026-04-25 06:57:24,943 - __main__ - ERROR - deleteWebhook 오류: HTTPSConnectionPool(host='api.telegram.org', port=443): Max retries exceeded with url: /bot8777824856:AAED_9UaxeEBtZ5yQi_b67vybjeWPKxqRsc/deleteWebhook (Caused by ConnectTimeoutError(<HTTPSConnection(host='api.telegram.org', port=443) at 0x1093662d0>, 'Connection to api.telegram.org timed out. (connect timeout=3)'))
2026-04-25 06:57:24,944 - __main__ - WARNING - Webhook 삭제 실패, 계속 진행...
2026-04-25 06:57:25,949 - __main__ - INFO - Polling 시작 (short polling, offset=0)
2026-04-25 06:58:05,984 - __main__ - INFO - ✅ 1개 업데이트 수신
2026-04-25 06:58:05,984 - __main__ - INFO -   메시지: update_id=117086754, user_id=8663369518, text='중지해'
2026-04-25 06:58:05,984 - __main__ - ERROR -   ❌ AI 오류: 'coroutine' object is not subscriptable
Traceback (most recent call last):
  File "/Users/kwaksmacmini/jarvis-pipeline/bot.py", line 95, in main
    logger.info(f"  🤖 AI 응답: {response[:60]}")
                                 ~~~~~~~~^^^^^
TypeError: 'coroutine' object is not subscriptable
2026-04-25 06:58:06,424 - __main__ - INFO -   다음 offset: 117086755
2026-04-25 06:58:14,090 - __main__ - INFO - ✅ 1개 업데이트 수신
2026-04-25 06:58:14,090 - __main__ - INFO -   메시지: update_id=117086755, user_id=8663369518, text='중지하라고'
/Users/kwaksmacmini/jarvis-pipeline/bot.py:94: RuntimeWarning: coroutine 'ai_chat' was never awaited
  response = ai_chat(text)
RuntimeWarning: Enable tracemalloc to get the object allocation traceback
2026-04-25 06:58:14,098 - __main__ - ERROR -   ❌ AI 오류: 'coroutine' object is not subscriptable
Traceback (most recent call last):
  File "/Users/kwaksmacmini/jarvis-pipeline/bot.py", line 95, in main
    logger.info(f"  🤖 AI 응답: {response[:60]}")
                                 ~~~~~~~~^^^^^
TypeError: 'coroutine' object is not subscriptable
2026-04-25 06:58:14,533 - __main__ - INFO -   다음 offset: 117086756
2026-04-25 07:11:11,416 - __main__ - ERROR - getUpdates 실패: {'ok': False, 'error_code': 409, 'description': 'Conflict: terminated by other getUpdates request; make sure that only one bot instance is running'}
2026-04-25 07:18:25,064 - __main__ - ERROR - getUpdates 실패: {'ok': False, 'error_code': 409, 'description': 'Conflict: terminated by other getUpdates request; make sure that only one bot instance is running'}
2026-04-25 07:18:39,094 - __main__ - ERROR - getUpdates 실패: {'ok': False, 'error_code': 409, 'description': 'Conflict: terminated by other getUpdates request; make sure that only one bot instance is running'}
2026-04-25 07:19:01,594 - __main__ - ERROR - getUpdates 실패: {'ok': False, 'error_code': 409, 'description': 'Conflict: terminated by other getUpdates request; make sure that only one bot instance is running'}
2026-04-25 07:19:08,829 - __main__ - ERROR - getUpdates 실패: {'ok': False, 'error_code': 409, 'description': 'Conflict: terminated by other getUpdates request; make sure that only one bot instance is running'}
2026-04-25 07:19:30,728 - __main__ - ERROR - getUpdates 실패: {'ok': False, 'error_code': 409, 'description': 'Conflict: terminated by other getUpdates request; make sure that only one bot instance is running'}
2026-04-25 07:19:44,782 - __main__ - ERROR - getUpdates 실패: {'ok': False, 'error_code': 409, 'description': 'Conflict: terminated by other getUpdates request; make sure that only one bot instance is running'}
2026-04-25 07:19:58,921 - __main__ - ERROR - getUpdates 실패: {'ok': False, 'error_code': 409, 'description': 'Conflict: terminated by other getUpdates request; make sure that only one bot instance is running'}
2026-04-25 07:20:34,598 - __main__ - ERROR - getUpdates 실패: {'ok': False, 'error_code': 409, 'description': 'Conflict: terminated by other getUpdates request; make sure that only one bot instance is running'}
2026-04-25 07:20:50,661 - __main__ - ERROR - getUpdates 실패: {'ok': False, 'error_code': 409, 'description': 'Conflict: terminated by other getUpdates request; make sure that only one bot instance is running'}
2026-04-25 07:21:04,180 - __main__ - ERROR - getUpdates 실패: {'ok': False, 'error_code': 409, 'description': 'Conflict: terminated by other getUpdates request; make sure that only one bot instance is running'}
2026-04-25 07:21:18,221 - __main__ - ERROR - getUpdates 실패: {'ok': False, 'error_code': 409, 'description': 'Conflict: terminated by other getUpdates request; make sure that only one bot instance is running'}
